  Moc'ing modelviewer.hpp...
  Uic'ing modelviewer.ui...
  Moc'ing modelvieweroglwidget.hpp...
  Moc'ing titlebar.hpp...
  Moc'ing voxelizewidget.hpp...
  Moc'ing modelscenemanagerwidget.hpp...
  Moc'ing lightwidget.hpp...
  Moc'ing imageprojectionwidget.hpp...
  Rcc'ing modelviewer.qrc...
RCC : warning : No resources in 'E:\Jazz\Voxelizer\modelviewer.qrc'.
  
  Uic'ing voxelizewidget.ui...
E:\Jazz\Voxelizer\voxelizewidget.ui : warning : Z-order assignment: 'spr_widget' is not a valid widget.
  boundingbox.c
  distancefield.c
e:\jazz\voxelizer\meshmodel.h(78): warning C4091: 'typedef ': ignored on left of 'MeshModelItem' when no variable is declared
distancefield.c(115): warning C4047: 'function': 'int' differs in levels of indirection from 'TriVoxel *'
distancefield.c(115): warning C4024: 'getTriangle': different types for formal and actual parameter 2
  image.c
  image3D.c
e:\jazz\voxelizer\meshmodel.h(78): warning C4091: 'typedef ': ignored on left of 'MeshModelItem' when no variable is declared
image3D.c(132): warning C4047: 'function': 'int *' differs in levels of indirection from 'const int [26][3]'
image3D.c(132): warning C4024: 'voxelDilation': different types for formal and actual parameter 2
image3D.c(137): warning C4047: 'function': 'int *' differs in levels of indirection from 'const int [6][3]'
image3D.c(137): warning C4024: 'voxelDilation': different types for formal and actual parameter 2
image3D.c(142): warning C4047: 'function': 'int *' differs in levels of indirection from 'const int [26][3]'
image3D.c(142): warning C4024: 'voxelErosion': different types for formal and actual parameter 2
image3D.c(147): warning C4047: 'function': 'int *' differs in levels of indirection from 'const int [6][3]'
image3D.c(147): warning C4024: 'voxelErosion': different types for formal and actual parameter 2
  light.c
  marchingcube.c
e:\jazz\voxelizer\meshmodel.h(78): warning C4091: 'typedef ': ignored on left of 'MeshModelItem' when no variable is declared
  material.c
  meshmodel.c
e:\jazz\voxelizer\meshmodel.h(78): warning C4091: 'typedef ': ignored on left of 'MeshModelItem' when no variable is declared
meshmodel.c(143): warning C4033: 'transformModel' must return a value
meshmodel.c(884): warning C4133: 'function': incompatible types - from 'ObjectTreeNode *' to 'MeshModelObject *'
  modelvbo.c
e:\jazz\voxelizer\meshmodel.h(78): warning C4091: 'typedef ': ignored on left of 'MeshModelItem' when no variable is declared
  enqlist.c
  mymath.c
  objecttree.c
  queue.c
  ray.c
  stack.c
  vbo.c
  voxelize.c
e:\jazz\voxelizer\meshmodel.h(78): warning C4091: 'typedef ': ignored on left of 'MeshModelItem' when no variable is declared
voxelize.c(596): warning C4133: 'return': incompatible types - from 'VoxelObject *' to 'Dequeue *'
voxelize.c(601): warning C4133: 'return': incompatible types - from 'VoxelObject *' to 'Dequeue *'
voxelize.c(606): warning C4133: 'function': incompatible types - from 'ObjectTreeNode *' to 'MeshModelObject *'
voxelize.c(730): warning C4133: 'function': incompatible types - from 'VoxelObject *' to 'MeshModelObject *'
voxelize.c(1400): warning C4098: 'readVO': 'void' function returning a value
  Generating Code...
e:\jazz\voxelizer\voxelize.c(372): warning C4700: uninitialized local variable 'del' used
e:\jazz\voxelizer\mymath.c(23): warning C4715: 'precisionCompare': not all control paths return a value
e:\jazz\voxelizer\mymath.c(39): warning C4715: 'precisionCompare2fv': not all control paths return a value
e:\jazz\voxelizer\mymath.c(57): warning C4715: 'precisionCompare3fv': not all control paths return a value
e:\jazz\voxelizer\mymath.c(77): warning C4715: 'precisionCompare4fv': not all control paths return a value
e:\jazz\voxelizer\meshmodel.c(862): warning C4700: uninitialized local variable 'childObject' used
e:\jazz\voxelizer\meshmodel.c(885): warning C4717: 'firstNodesOfModelObject': recursive on all control paths, function will cause runtime stack overflow
e:\jazz\voxelizer\meshmodel.c(191): warning C4715: 'transformModel': not all control paths return a value
e:\jazz\voxelizer\distancefield.c(120): warning C4700: uninitialized local variable 'dist' used
  qrc_modelviewer.cpp
  moc_imageprojectionwidget.cpp
  moc_lightwidget.cpp
  moc_modelscenemanagerwidget.cpp
e:\jazz\voxelizer\meshmodel.h(78): warning C4091: 'typedef ': ignored on left of 'MeshModelItem' when no variable is declared
  moc_modelviewer.cpp
e:\jazz\voxelizer\meshmodel.h(78): warning C4091: 'typedef ': ignored on left of 'MeshModelItem' when no variable is declared
  moc_modelvieweroglwidget.cpp
e:\jazz\voxelizer\meshmodel.h(78): warning C4091: 'typedef ': ignored on left of 'MeshModelItem' when no variable is declared
  moc_titlebar.cpp
  moc_voxelizewidget.cpp
e:\jazz\voxelizer\meshmodel.h(78): warning C4091: 'typedef ': ignored on left of 'MeshModelItem' when no variable is declared
  imageprojectionwidget.cpp
  lightwidget.cpp
lightwidget.cpp(50): warning C4129: '.': unrecognized character escape sequence
lightwidget.cpp(69): warning C4129: '.': unrecognized character escape sequence
lightwidget.cpp(88): warning C4129: '.': unrecognized character escape sequence
lightwidget.cpp(106): warning C4129: '.': unrecognized character escape sequence
lightwidget.cpp(125): warning C4129: '.': unrecognized character escape sequence
lightwidget.cpp(144): warning C4129: '.': unrecognized character escape sequence
  LoadShaders.cpp
  main.cpp
e:\jazz\voxelizer\meshmodel.h(78): warning C4091: 'typedef ': ignored on left of 'MeshModelItem' when no variable is declared
  modelscenemanagerwidget.cpp
e:\jazz\voxelizer\meshmodel.h(78): warning C4091: 'typedef ': ignored on left of 'MeshModelItem' when no variable is declared
  modelviewer.cpp
e:\jazz\voxelizer\meshmodel.h(78): warning C4091: 'typedef ': ignored on left of 'MeshModelItem' when no variable is declared
  modelvieweroglwidget.cpp
e:\jazz\voxelizer\meshmodel.h(78): warning C4091: 'typedef ': ignored on left of 'MeshModelItem' when no variable is declared
modelvieweroglwidget.cpp(1040): warning C4838: conversion from 'int' to 'char' requires a narrowing conversion
modelvieweroglwidget.cpp(1083): warning C4838: conversion from 'double' to 'float' requires a narrowing conversion
  titlebar.cpp
  voxelizewidget.cpp
e:\jazz\voxelizer\meshmodel.h(78): warning C4091: 'typedef ': ignored on left of 'MeshModelItem' when no variable is declared
  Generating Code...
e:\jazz\voxelizer\modelvieweroglwidget.cpp(525): warning C4700: uninitialized local variable 'height' used
e:\jazz\voxelizer\modelvieweroglwidget.cpp(525): warning C4700: uninitialized local variable 'width' used
LINK : warning LNK4098: defaultlib 'LIBCMT' conflicts with use of other libs; use /NODEFAULTLIB:library
modelvieweroglwidget.obj : warning LNK4217: locally defined symbol glewInit imported in function "protected: virtual void __cdecl ModelViewerOGLWidget::initializeGL(void)" (?initializeGL@ModelViewerOGLWidget@@MEAAXXZ)
modelvieweroglwidget.obj : warning LNK4217: locally defined symbol __glewActiveTexture imported in function "protected: virtual void __cdecl ModelViewerOGLWidget::paintGL(void)" (?paintGL@ModelViewerOGLWidget@@MEAAXXZ)
modelvieweroglwidget.obj : warning LNK4217: locally defined symbol __glewBindBuffer imported in function "private: void __cdecl ModelViewerOGLWidget::bindData(struct VBO *)" (?bindData@ModelViewerOGLWidget@@AEAAXPEAUVBO@@@Z)
modelvieweroglwidget.obj : warning LNK4217: locally defined symbol __glewBufferData imported in function "private: void __cdecl ModelViewerOGLWidget::bindData(struct VBO *)" (?bindData@ModelViewerOGLWidget@@AEAAXPEAUVBO@@@Z)
modelvieweroglwidget.obj : warning LNK4217: locally defined symbol __glewGenBuffers imported in function "private: void __cdecl ModelViewerOGLWidget::bindData(struct VBO *)" (?bindData@ModelViewerOGLWidget@@AEAAXPEAUVBO@@@Z)
modelvieweroglwidget.obj : warning LNK4217: locally defined symbol __glewDisableVertexAttribArray imported in function "private: void __cdecl ModelViewerOGLWidget::drawBbox(struct VBO * const,int)" (?drawBbox@ModelViewerOGLWidget@@AEAAXQEAUVBO@@H@Z)
modelvieweroglwidget.obj : warning LNK4217: locally defined symbol __glewDrawBuffers imported in function "private: void __cdecl ModelViewerOGLWidget::genSSAO(void)" (?genSSAO@ModelViewerOGLWidget@@AEAAXXZ)
modelvieweroglwidget.obj : warning LNK4217: locally defined symbol __glewEnableVertexAttribArray imported in function "private: void __cdecl ModelViewerOGLWidget::drawBbox(struct VBO * const,int)" (?drawBbox@ModelViewerOGLWidget@@AEAAXQEAUVBO@@H@Z)
modelvieweroglwidget.obj : warning LNK4217: locally defined symbol __glewGetUniformLocation imported in function "private: void __cdecl ModelViewerOGLWidget::drawData(struct VBO * const,int)" (?drawData@ModelViewerOGLWidget@@AEAAXQEAUVBO@@H@Z)
modelvieweroglwidget.obj : warning LNK4217: locally defined symbol __glewUniform1f imported in function "private: void __cdecl ModelViewerOGLWidget::setMaterial(struct VBO)" (?setMaterial@ModelViewerOGLWidget@@AEAAXUVBO@@@Z)
modelvieweroglwidget.obj : warning LNK4217: locally defined symbol __glewUniform1i imported in function "private: void __cdecl ModelViewerOGLWidget::genSSAO(void)" (?genSSAO@ModelViewerOGLWidget@@AEAAXXZ)
modelvieweroglwidget.obj : warning LNK4217: locally defined symbol __glewUniform2fv imported in function "private: void __cdecl ModelViewerOGLWidget::drawData(struct VBO * const,int)" (?drawData@ModelViewerOGLWidget@@AEAAXQEAUVBO@@H@Z)
modelvieweroglwidget.obj : warning LNK4217: locally defined symbol __glewUniform3fv imported in function "private: void __cdecl ModelViewerOGLWidget::ssaoLightPassRendering(void)" (?ssaoLightPassRendering@ModelViewerOGLWidget@@AEAAXXZ)
modelvieweroglwidget.obj : warning LNK4217: locally defined symbol __glewUniform4f imported in function "private: void __cdecl ModelViewerOGLWidget::drawData(struct VBO * const,int)" (?drawData@ModelViewerOGLWidget@@AEAAXQEAUVBO@@H@Z)
modelvieweroglwidget.obj : warning LNK4217: locally defined symbol __glewUniform4fv imported in function "private: void __cdecl ModelViewerOGLWidget::drawBbox(struct VBO * const,int)" (?drawBbox@ModelViewerOGLWidget@@AEAAXQEAUVBO@@H@Z)
modelvieweroglwidget.obj : warning LNK4217: locally defined symbol __glewUniformMatrix4fv imported in function "private: void __cdecl ModelViewerOGLWidget::configureShadowMapping(void)" (?configureShadowMapping@ModelViewerOGLWidget@@AEAAXXZ)
modelvieweroglwidget.obj : warning LNK4217: locally defined symbol __glewUseProgram imported in function "private: void __cdecl ModelViewerOGLWidget::drawBbox(struct VBO * const,int)" (?drawBbox@ModelViewerOGLWidget@@AEAAXQEAUVBO@@H@Z)
modelvieweroglwidget.obj : warning LNK4217: locally defined symbol __glewVertexAttribPointer imported in function "private: void __cdecl ModelViewerOGLWidget::drawBbox(struct VBO * const,int)" (?drawBbox@ModelViewerOGLWidget@@AEAAXQEAUVBO@@H@Z)
modelvieweroglwidget.obj : warning LNK4217: locally defined symbol __glewBindFramebuffer imported in function "private: void __cdecl ModelViewerOGLWidget::gBufferRendering(void)" (?gBufferRendering@ModelViewerOGLWidget@@AEAAXXZ)
modelvieweroglwidget.obj : warning LNK4217: locally defined symbol __glewBindRenderbuffer imported in function "private: void __cdecl ModelViewerOGLWidget::genSSAO(void)" (?genSSAO@ModelViewerOGLWidget@@AEAAXXZ)
modelvieweroglwidget.obj : warning LNK4217: locally defined symbol __glewBlitFramebuffer imported in function "protected: virtual void __cdecl ModelViewerOGLWidget::paintGL(void)" (?paintGL@ModelViewerOGLWidget@@MEAAXXZ)
modelvieweroglwidget.obj : warning LNK4217: locally defined symbol __glewCheckFramebufferStatus imported in function "private: void __cdecl ModelViewerOGLWidget::genSSAO(void)" (?genSSAO@ModelViewerOGLWidget@@AEAAXXZ)
modelvieweroglwidget.obj : warning LNK4217: locally defined symbol __glewFramebufferRenderbuffer imported in function "private: void __cdecl ModelViewerOGLWidget::genSSAO(void)" (?genSSAO@ModelViewerOGLWidget@@AEAAXXZ)
modelvieweroglwidget.obj : warning LNK4217: locally defined symbol __glewFramebufferTexture2D imported in function "private: void __cdecl ModelViewerOGLWidget::genSSAO(void)" (?genSSAO@ModelViewerOGLWidget@@AEAAXXZ)
modelvieweroglwidget.obj : warning LNK4217: locally defined symbol __glewGenFramebuffers imported in function "private: void __cdecl ModelViewerOGLWidget::genMultiSampling(void)" (?genMultiSampling@ModelViewerOGLWidget@@AEAAXXZ)
modelvieweroglwidget.obj : warning LNK4217: locally defined symbol __glewGenRenderbuffers imported in function "private: void __cdecl ModelViewerOGLWidget::genMultiSampling(void)" (?genMultiSampling@ModelViewerOGLWidget@@AEAAXXZ)
modelvieweroglwidget.obj : warning LNK4217: locally defined symbol __glewRenderbufferStorage imported in function "private: void __cdecl ModelViewerOGLWidget::genSSAO(void)" (?genSSAO@ModelViewerOGLWidget@@AEAAXXZ)
modelvieweroglwidget.obj : warning LNK4217: locally defined symbol __glewRenderbufferStorageMultisample imported in function "private: void __cdecl ModelViewerOGLWidget::shadowMappingRendering(void)" (?shadowMappingRendering@ModelViewerOGLWidget@@AEAAXXZ)
modelvieweroglwidget.obj : warning LNK4217: locally defined symbol __glewTexImage2DMultisample imported in function "private: void __cdecl ModelViewerOGLWidget::shadowMappingRendering(void)" (?shadowMappingRendering@ModelViewerOGLWidget@@AEAAXXZ)
modelvieweroglwidget.obj : warning LNK4217: locally defined symbol __glewBindVertexArray imported in function "private: void __cdecl ModelViewerOGLWidget::renderQuad(void)" (?renderQuad@ModelViewerOGLWidget@@AEAAXXZ)
modelvieweroglwidget.obj : warning LNK4217: locally defined symbol __glewGenVertexArrays imported in function "private: void __cdecl ModelViewerOGLWidget::renderQuad(void)" (?renderQuad@ModelViewerOGLWidget@@AEAAXXZ)
  ModelViewer.vcxproj -> E:\Jazz\Voxelizer\x64\Release\ModelViewer.exe
